2020-08-16 10:05:08,831 [INFO] -----------------------Starting build-----------------------
2020-08-16 10:05:08,838 [INFO] Running configSets: _OnInstanceBoot
2020-08-16 10:05:08,841 [INFO] Running configSet _OnInstanceBoot
2020-08-16 10:05:08,845 [INFO] Running config AWSEBBaseConfig
2020-08-16 10:05:08,851 [INFO] Command clearbackupfiles succeeded
2020-08-16 10:05:08,857 [INFO] Running config AWSEBMessageOfTheDay
2020-08-16 10:05:08,862 [INFO] Command 01clearoriginal succeeded
2020-08-16 10:05:08,866 [INFO] Command 02createbanner succeeded
2020-08-16 10:05:08,877 [INFO] Command 03updatebanner succeeded
2020-08-16 10:05:08,885 [INFO] Running config AWSEBULimitConfig
2020-08-16 10:05:08,889 [INFO] Command 00removebackup succeeded
2020-08-16 10:05:08,895 [INFO] Running config AWSEBCfnHupEndpointOverride
2020-08-16 10:05:08,899 [INFO] Command clearbackupfiles succeeded
2020-08-16 10:05:08,904 [INFO] Running config Infra-InstallContainerHooksPkg
2020-08-16 10:05:08,908 [INFO] Command 00mkdir succeeded
2020-08-16 10:05:09,037 [INFO] Command 01download_container_hooks succeeded
2020-08-16 10:05:09,043 [INFO] Command 02install_container_hooks succeeded
2020-08-16 10:05:09,046 [INFO] Command 03cleanup succeeded
2020-08-16 10:05:09,052 [INFO] Running config Infra-WriteLeaderTestScript
2020-08-16 10:05:09,057 [INFO] Running config Infra-WriteTailLogsConf
2020-08-16 10:05:09,062 [INFO] Running config Infra-WriteSystemTailLogsConf
2020-08-16 10:05:09,067 [INFO] Running config Infra-WriteBundleLogsConf
2020-08-16 10:05:09,072 [INFO] Running config Infra-WritePublishLogsConf
2020-08-16 10:05:09,076 [INFO] Running config Infra-WritePublishLogsCron
2020-08-16 10:05:09,078 [INFO] ConfigSets completed
2020-08-16 10:05:09,078 [INFO] -----------------------Build complete-----------------------
2020-08-16 10:06:22,034 [INFO] -----------------------Starting build-----------------------
2020-08-16 10:06:22,042 [INFO] Running configSets: Infra-EmbeddedPreBuild
2020-08-16 10:06:22,045 [INFO] Running configSet Infra-EmbeddedPreBuild
2020-08-16 10:06:22,046 [INFO] ConfigSets completed
2020-08-16 10:06:22,046 [INFO] -----------------------Build complete-----------------------
2020-08-16 10:06:23,888 [INFO] -----------------------Starting build-----------------------
2020-08-16 10:06:23,895 [INFO] Running configSets: Infra-EmbeddedPostBuild
2020-08-16 10:06:23,898 [INFO] Running configSet Infra-EmbeddedPostBuild
2020-08-16 10:06:23,899 [INFO] ConfigSets completed
2020-08-16 10:06:23,899 [INFO] -----------------------Build complete-----------------------
