2020-08-16 10:05:08,841 P2995 [INFO] ************************************************************
2020-08-16 10:05:08,841 P2995 [INFO] ConfigSet _OnInstanceBoot
2020-08-16 10:05:08,846 P2995 [INFO] ++++++++++++++++++++++++++++++++++++++++++++++++++++++++++++
2020-08-16 10:05:08,846 P2995 [INFO] Config AWSEBBaseConfig
2020-08-16 10:05:08,847 P2995 [INFO] ============================================================
2020-08-16 10:05:08,848 P2995 [INFO] Command clearbackupfiles
2020-08-16 10:05:08,851 P2995 [INFO] Completed successfully.
2020-08-16 10:05:08,857 P2995 [INFO] ++++++++++++++++++++++++++++++++++++++++++++++++++++++++++++
2020-08-16 10:05:08,857 P2995 [INFO] Config AWSEBMessageOfTheDay
2020-08-16 10:05:08,858 P2995 [INFO] ============================================================
2020-08-16 10:05:08,858 P2995 [INFO] Command 01clearoriginal
2020-08-16 10:05:08,861 P2995 [INFO] Completed successfully.
2020-08-16 10:05:08,862 P2995 [INFO] ============================================================
2020-08-16 10:05:08,862 P2995 [INFO] Command 02createbanner
2020-08-16 10:05:08,866 P2995 [INFO] Completed successfully.
2020-08-16 10:05:08,866 P2995 [INFO] ============================================================
2020-08-16 10:05:08,866 P2995 [INFO] Command 03updatebanner
2020-08-16 10:05:08,877 P2995 [INFO] Completed successfully.
2020-08-16 10:05:08,885 P2995 [INFO] ++++++++++++++++++++++++++++++++++++++++++++++++++++++++++++
2020-08-16 10:05:08,885 P2995 [INFO] Config AWSEBULimitConfig
2020-08-16 10:05:08,886 P2995 [INFO] ============================================================
2020-08-16 10:05:08,886 P2995 [INFO] Command 00removebackup
2020-08-16 10:05:08,889 P2995 [INFO] Completed successfully.
2020-08-16 10:05:08,895 P2995 [INFO] ++++++++++++++++++++++++++++++++++++++++++++++++++++++++++++
2020-08-16 10:05:08,895 P2995 [INFO] Config AWSEBCfnHupEndpointOverride
2020-08-16 10:05:08,896 P2995 [INFO] ============================================================
2020-08-16 10:05:08,896 P2995 [INFO] Command clearbackupfiles
2020-08-16 10:05:08,899 P2995 [INFO] Completed successfully.
2020-08-16 10:05:08,905 P2995 [INFO] ++++++++++++++++++++++++++++++++++++++++++++++++++++++++++++
2020-08-16 10:05:08,905 P2995 [INFO] Config Infra-InstallContainerHooksPkg
2020-08-16 10:05:08,905 P2995 [INFO] ============================================================
2020-08-16 10:05:08,905 P2995 [INFO] Command 00mkdir
2020-08-16 10:05:08,908 P2995 [INFO] Completed successfully.
2020-08-16 10:05:08,908 P2995 [INFO] ============================================================
2020-08-16 10:05:08,908 P2995 [INFO] Command 01download_container_hooks
2020-08-16 10:05:09,037 P2995 [INFO] Completed successfully.
2020-08-16 10:05:09,037 P2995 [INFO] ============================================================
2020-08-16 10:05:09,037 P2995 [INFO] Command 02install_container_hooks
2020-08-16 10:05:09,043 P2995 [INFO] Completed successfully.
2020-08-16 10:05:09,043 P2995 [INFO] ============================================================
2020-08-16 10:05:09,043 P2995 [INFO] Command 03cleanup
2020-08-16 10:05:09,046 P2995 [INFO] Completed successfully.
2020-08-16 10:05:09,052 P2995 [INFO] ++++++++++++++++++++++++++++++++++++++++++++++++++++++++++++
2020-08-16 10:05:09,052 P2995 [INFO] Config Infra-WriteLeaderTestScript
2020-08-16 10:05:09,057 P2995 [INFO] ++++++++++++++++++++++++++++++++++++++++++++++++++++++++++++
2020-08-16 10:05:09,057 P2995 [INFO] Config Infra-WriteTailLogsConf
2020-08-16 10:05:09,062 P2995 [INFO] ++++++++++++++++++++++++++++++++++++++++++++++++++++++++++++
2020-08-16 10:05:09,062 P2995 [INFO] Config Infra-WriteSystemTailLogsConf
2020-08-16 10:05:09,068 P2995 [INFO] ++++++++++++++++++++++++++++++++++++++++++++++++++++++++++++
2020-08-16 10:05:09,068 P2995 [INFO] Config Infra-WriteBundleLogsConf
2020-08-16 10:05:09,073 P2995 [INFO] ++++++++++++++++++++++++++++++++++++++++++++++++++++++++++++
2020-08-16 10:05:09,073 P2995 [INFO] Config Infra-WritePublishLogsConf
2020-08-16 10:05:09,077 P2995 [INFO] ++++++++++++++++++++++++++++++++++++++++++++++++++++++++++++
2020-08-16 10:05:09,077 P2995 [INFO] Config Infra-WritePublishLogsCron
2020-08-16 10:06:22,045 P4047 [INFO] ************************************************************
2020-08-16 10:06:22,045 P4047 [INFO] ConfigSet Infra-EmbeddedPreBuild
2020-08-16 10:06:23,898 P4192 [INFO] ************************************************************
2020-08-16 10:06:23,898 P4192 [INFO] ConfigSet Infra-EmbeddedPostBuild
