2020-08-16T10:06:22.455429499Z image untag sha256:d0c60e837d9ef9808d76a2842842e926d848410cab5d5b61435c9c4e4a4cfbca (name=sha256:d0c60e837d9ef9808d76a2842842e926d848410cab5d5b61435c9c4e4a4cfbca)
2020-08-16T10:06:22.462077064Z image delete sha256:d0c60e837d9ef9808d76a2842842e926d848410cab5d5b61435c9c4e4a4cfbca (name=sha256:d0c60e837d9ef9808d76a2842842e926d848410cab5d5b61435c9c4e4a4cfbca)
2020-08-16T10:06:22.525154492Z image tag sha256:632e41712549b9ecb8ed2a4ea4e1b1d4574b5856f409210bfdc29e7f53849e1f (name=amazon/amazon-ecs-agent:latest)
2020-08-16T10:06:23.175076163Z container exec_create: /agent --healthcheck d08d36b803710529109e6fce8a5190b43c33e65ac9f67fb7647a86e67fdcc9ed (execID=b387e2224ecb9ca77c8f0f9701108c2a14d08626b6fa52d0c513a44b448f60a8, image=amazon/amazon-ecs-agent:latest, name=ecs-agent)
2020-08-16T10:06:23.175150582Z container exec_start: /agent --healthcheck d08d36b803710529109e6fce8a5190b43c33e65ac9f67fb7647a86e67fdcc9ed (execID=b387e2224ecb9ca77c8f0f9701108c2a14d08626b6fa52d0c513a44b448f60a8, image=amazon/amazon-ecs-agent:latest, name=ecs-agent)
2020-08-16T10:06:23.454451209Z container exec_die d08d36b803710529109e6fce8a5190b43c33e65ac9f67fb7647a86e67fdcc9ed (execID=b387e2224ecb9ca77c8f0f9701108c2a14d08626b6fa52d0c513a44b448f60a8, exitCode=0, image=amazon/amazon-ecs-agent:latest, name=ecs-agent)
2020-08-16T10:06:23.464623755Z container health_status: healthy d08d36b803710529109e6fce8a5190b43c33e65ac9f67fb7647a86e67fdcc9ed (image=amazon/amazon-ecs-agent:latest, name=ecs-agent)
2020-08-16T10:06:42.135465454Z image pull mysql:5.7 (name=mysql)
2020-08-16T10:06:42.309911548Z volume create bd0da9e7bb9cdad58fb109da34b57f8c3cd0c290a2422d6c2a10efb7ef30390f (driver=local)
2020-08-16T10:06:42.349081524Z container create b34ebea6b6d23ebbc802792b1345e3d61e5b3fcaa353b6f9bf68ddd7f1bfc995 (com.amazonaws.ecs.cluster=awseb-MultidockerDeploy-env-qwema2dzau, com.amazonaws.ecs.container-name=mysql, com.amazonaws.ecs.task-arn=arn:aws:ecs:us-east-1:557533364516:task/f6f8d8f1-2992-41d5-80aa-004a23c4b847, com.amazonaws.ecs.task-definition-family=awseb-MultidockerDeploy-env-qwema2dzau, com.amazonaws.ecs.task-definition-version=1, image=mysql:5.7, name=ecs-awseb-MultidockerDeploy-env-qwema2dzau-1-mysql-96e3e889968cf1b38a01)
2020-08-16T10:06:42.462995812Z network connect 83d23aba7bbc9ec3b009a0f0d940ac5ef6768da05ba8b606d834f066c5961c0a (container=b34ebea6b6d23ebbc802792b1345e3d61e5b3fcaa353b6f9bf68ddd7f1bfc995, name=bridge, type=bridge)
2020-08-16T10:06:42.470131470Z volume mount bd0da9e7bb9cdad58fb109da34b57f8c3cd0c290a2422d6c2a10efb7ef30390f (container=b34ebea6b6d23ebbc802792b1345e3d61e5b3fcaa353b6f9bf68ddd7f1bfc995, destination=/var/lib/mysql, driver=local, propagation=, read/write=true)
2020-08-16T10:06:42.826745544Z container start b34ebea6b6d23ebbc802792b1345e3d61e5b3fcaa353b6f9bf68ddd7f1bfc995 (com.amazonaws.ecs.cluster=awseb-MultidockerDeploy-env-qwema2dzau, com.amazonaws.ecs.container-name=mysql, com.amazonaws.ecs.task-arn=arn:aws:ecs:us-east-1:557533364516:task/f6f8d8f1-2992-41d5-80aa-004a23c4b847, com.amazonaws.ecs.task-definition-family=awseb-MultidockerDeploy-env-qwema2dzau, com.amazonaws.ecs.task-definition-version=1, image=mysql:5.7, name=ecs-awseb-MultidockerDeploy-env-qwema2dzau-1-mysql-96e3e889968cf1b38a01)
2020-08-16T10:06:50.240257047Z image pull rakesh1594/rakesh:3.2 (name=rakesh1594/rakesh)
2020-08-16T10:06:50.474228983Z volume create a9edf18c79101b4e6d40f23f6e08e9c0742cb7e247769342b6b0049f0bd0aaf2 (driver=local)
2020-08-16T10:06:50.522594711Z container create 3c305d512697fdac36bbbe5afa527c1b2f7566d1ef906aa3b71f7c258e168987 (com.amazonaws.ecs.cluster=awseb-MultidockerDeploy-env-qwema2dzau, com.amazonaws.ecs.container-name=rakesh, com.amazonaws.ecs.task-arn=arn:aws:ecs:us-east-1:557533364516:task/f6f8d8f1-2992-41d5-80aa-004a23c4b847, com.amazonaws.ecs.task-definition-family=awseb-MultidockerDeploy-env-qwema2dzau, com.amazonaws.ecs.task-definition-version=1, image=rakesh1594/rakesh:3.2, name=ecs-awseb-MultidockerDeploy-env-qwema2dzau-1-rakesh-eaaebae9c9eab2a39b01)
2020-08-16T10:06:50.635379202Z network connect 83d23aba7bbc9ec3b009a0f0d940ac5ef6768da05ba8b606d834f066c5961c0a (container=3c305d512697fdac36bbbe5afa527c1b2f7566d1ef906aa3b71f7c258e168987, name=bridge, type=bridge)
2020-08-16T10:06:50.641851533Z volume mount a9edf18c79101b4e6d40f23f6e08e9c0742cb7e247769342b6b0049f0bd0aaf2 (container=3c305d512697fdac36bbbe5afa527c1b2f7566d1ef906aa3b71f7c258e168987, destination=/tmp, driver=local, propagation=, read/write=true)
2020-08-16T10:06:50.962996687Z container start 3c305d512697fdac36bbbe5afa527c1b2f7566d1ef906aa3b71f7c258e168987 (com.amazonaws.ecs.cluster=awseb-MultidockerDeploy-env-qwema2dzau, com.amazonaws.ecs.container-name=rakesh, com.amazonaws.ecs.task-arn=arn:aws:ecs:us-east-1:557533364516:task/f6f8d8f1-2992-41d5-80aa-004a23c4b847, com.amazonaws.ecs.task-definition-family=awseb-MultidockerDeploy-env-qwema2dzau, com.amazonaws.ecs.task-definition-version=1, image=rakesh1594/rakesh:3.2, name=ecs-awseb-MultidockerDeploy-env-qwema2dzau-1-rakesh-eaaebae9c9eab2a39b01)
2020-08-16T10:06:53.464906453Z container exec_create: /agent --healthcheck d08d36b803710529109e6fce8a5190b43c33e65ac9f67fb7647a86e67fdcc9ed (execID=f600b03318482d4693669f9dd38b1589c942c7406f94a93040ce7446714284a6, image=amazon/amazon-ecs-agent:latest, name=ecs-agent)
2020-08-16T10:06:53.464992162Z container exec_start: /agent --healthcheck d08d36b803710529109e6fce8a5190b43c33e65ac9f67fb7647a86e67fdcc9ed (execID=f600b03318482d4693669f9dd38b1589c942c7406f94a93040ce7446714284a6, image=amazon/amazon-ecs-agent:latest, name=ecs-agent)
2020-08-16T10:06:53.998904140Z container exec_die d08d36b803710529109e6fce8a5190b43c33e65ac9f67fb7647a86e67fdcc9ed (execID=f600b03318482d4693669f9dd38b1589c942c7406f94a93040ce7446714284a6, exitCode=0, image=amazon/amazon-ecs-agent:latest, name=ecs-agent)
2020-08-16T10:06:55.380792619Z image tag sha256:0afff399c71b8802c12a92d100a3570a018109b001405c628df2b6cb25b73873 (name=rakesh1594/rakesh:3.2)
2020-08-16T10:06:55.584598475Z image tag sha256:718a6da099d82183c064a964523c0deca80619cb033aadd15854771fe592a480 (name=mysql:5.7)
2020-08-16T10:06:55.725621170Z image tag sha256:632e41712549b9ecb8ed2a4ea4e1b1d4574b5856f409210bfdc29e7f53849e1f (name=amazon/amazon-ecs-agent:latest)
2020-08-16T10:07:24.011101973Z container exec_create: /agent --healthcheck d08d36b803710529109e6fce8a5190b43c33e65ac9f67fb7647a86e67fdcc9ed (execID=ebaeb82bfc799f7e179ec423cac31c7ef400207de509c800a7d9c885ce938d54, image=amazon/amazon-ecs-agent:latest, name=ecs-agent)
2020-08-16T10:07:24.011194969Z container exec_start: /agent --healthcheck d08d36b803710529109e6fce8a5190b43c33e65ac9f67fb7647a86e67fdcc9ed (execID=ebaeb82bfc799f7e179ec423cac31c7ef400207de509c800a7d9c885ce938d54, image=amazon/amazon-ecs-agent:latest, name=ecs-agent)
2020-08-16T10:07:24.250199834Z container exec_die d08d36b803710529109e6fce8a5190b43c33e65ac9f67fb7647a86e67fdcc9ed (execID=ebaeb82bfc799f7e179ec423cac31c7ef400207de509c800a7d9c885ce938d54, exitCode=0, image=amazon/amazon-ecs-agent:latest, name=ecs-agent)
2020-08-16T10:07:54.257125068Z container exec_create: /agent --healthcheck d08d36b803710529109e6fce8a5190b43c33e65ac9f67fb7647a86e67fdcc9ed (execID=1d9da98d93ba8d61854f4f57f04f419533b6b163ed44db7219fc45e52e053b56, image=amazon/amazon-ecs-agent:latest, name=ecs-agent)
2020-08-16T10:07:54.257190762Z container exec_start: /agent --healthcheck d08d36b803710529109e6fce8a5190b43c33e65ac9f67fb7647a86e67fdcc9ed (execID=1d9da98d93ba8d61854f4f57f04f419533b6b163ed44db7219fc45e52e053b56, image=amazon/amazon-ecs-agent:latest, name=ecs-agent)
2020-08-16T10:07:54.351758681Z container exec_die d08d36b803710529109e6fce8a5190b43c33e65ac9f67fb7647a86e67fdcc9ed (execID=1d9da98d93ba8d61854f4f57f04f419533b6b163ed44db7219fc45e52e053b56, exitCode=0, image=amazon/amazon-ecs-agent:latest, name=ecs-agent)
2020-08-16T10:08:24.361231214Z container exec_create: /agent --healthcheck d08d36b803710529109e6fce8a5190b43c33e65ac9f67fb7647a86e67fdcc9ed (execID=e8184a5df811ec634fecd8552f97dbb6e7706258a16f56025ab6edb32b781455, image=amazon/amazon-ecs-agent:latest, name=ecs-agent)
2020-08-16T10:08:24.361297089Z container exec_start: /agent --healthcheck d08d36b803710529109e6fce8a5190b43c33e65ac9f67fb7647a86e67fdcc9ed (execID=e8184a5df811ec634fecd8552f97dbb6e7706258a16f56025ab6edb32b781455, image=amazon/amazon-ecs-agent:latest, name=ecs-agent)
2020-08-16T10:08:24.469248303Z container exec_die d08d36b803710529109e6fce8a5190b43c33e65ac9f67fb7647a86e67fdcc9ed (execID=e8184a5df811ec634fecd8552f97dbb6e7706258a16f56025ab6edb32b781455, exitCode=0, image=amazon/amazon-ecs-agent:latest, name=ecs-agent)
2020-08-16T10:08:54.475868093Z container exec_create: /agent --healthcheck d08d36b803710529109e6fce8a5190b43c33e65ac9f67fb7647a86e67fdcc9ed (execID=06acf741de0998fa0821070c673d9b00d5c8b23022b8210bffd149cfc2ac3e4d, image=amazon/amazon-ecs-agent:latest, name=ecs-agent)
2020-08-16T10:08:54.475950574Z container exec_start: /agent --healthcheck d08d36b803710529109e6fce8a5190b43c33e65ac9f67fb7647a86e67fdcc9ed (execID=06acf741de0998fa0821070c673d9b00d5c8b23022b8210bffd149cfc2ac3e4d, image=amazon/amazon-ecs-agent:latest, name=ecs-agent)
2020-08-16T10:08:54.572015847Z container exec_die d08d36b803710529109e6fce8a5190b43c33e65ac9f67fb7647a86e67fdcc9ed (execID=06acf741de0998fa0821070c673d9b00d5c8b23022b8210bffd149cfc2ac3e4d, exitCode=0, image=amazon/amazon-ecs-agent:latest, name=ecs-agent)
2020-08-16T10:09:24.579146858Z container exec_create: /agent --healthcheck d08d36b803710529109e6fce8a5190b43c33e65ac9f67fb7647a86e67fdcc9ed (execID=6fa870953c568148f10d4cc97d9b3f74ee595202dc5e911d1fd269892ffb323e, image=amazon/amazon-ecs-agent:latest, name=ecs-agent)
2020-08-16T10:09:24.579224026Z container exec_start: /agent --healthcheck d08d36b803710529109e6fce8a5190b43c33e65ac9f67fb7647a86e67fdcc9ed (execID=6fa870953c568148f10d4cc97d9b3f74ee595202dc5e911d1fd269892ffb323e, image=amazon/amazon-ecs-agent:latest, name=ecs-agent)
2020-08-16T10:09:24.673881850Z container exec_die d08d36b803710529109e6fce8a5190b43c33e65ac9f67fb7647a86e67fdcc9ed (execID=6fa870953c568148f10d4cc97d9b3f74ee595202dc5e911d1fd269892ffb323e, exitCode=0, image=amazon/amazon-ecs-agent:latest, name=ecs-agent)
2020-08-16T10:09:54.684345177Z container exec_create: /agent --healthcheck d08d36b803710529109e6fce8a5190b43c33e65ac9f67fb7647a86e67fdcc9ed (execID=5b7ffd2692f6e122997a1cf1fc6bdde61b7753de474ef3896bf021efb9e5df3e, image=amazon/amazon-ecs-agent:latest, name=ecs-agent)
2020-08-16T10:09:54.684408543Z container exec_start: /agent --healthcheck d08d36b803710529109e6fce8a5190b43c33e65ac9f67fb7647a86e67fdcc9ed (execID=5b7ffd2692f6e122997a1cf1fc6bdde61b7753de474ef3896bf021efb9e5df3e, image=amazon/amazon-ecs-agent:latest, name=ecs-agent)
2020-08-16T10:09:54.782442727Z container exec_die d08d36b803710529109e6fce8a5190b43c33e65ac9f67fb7647a86e67fdcc9ed (execID=5b7ffd2692f6e122997a1cf1fc6bdde61b7753de474ef3896bf021efb9e5df3e, exitCode=0, image=amazon/amazon-ecs-agent:latest, name=ecs-agent)
2020-08-16T10:10:24.789502189Z container exec_create: /agent --healthcheck d08d36b803710529109e6fce8a5190b43c33e65ac9f67fb7647a86e67fdcc9ed (execID=818bfa2d192867bfc380ccd444063ff90f5556fa13e85b25be2de3a696eee45d, image=amazon/amazon-ecs-agent:latest, name=ecs-agent)
2020-08-16T10:10:24.789577474Z container exec_start: /agent --healthcheck d08d36b803710529109e6fce8a5190b43c33e65ac9f67fb7647a86e67fdcc9ed (execID=818bfa2d192867bfc380ccd444063ff90f5556fa13e85b25be2de3a696eee45d, image=amazon/amazon-ecs-agent:latest, name=ecs-agent)
2020-08-16T10:10:24.924268941Z container exec_die d08d36b803710529109e6fce8a5190b43c33e65ac9f67fb7647a86e67fdcc9ed (execID=818bfa2d192867bfc380ccd444063ff90f5556fa13e85b25be2de3a696eee45d, exitCode=0, image=amazon/amazon-ecs-agent:latest, name=ecs-agent)
2020-08-16T10:10:54.930544014Z container exec_create: /agent --healthcheck d08d36b803710529109e6fce8a5190b43c33e65ac9f67fb7647a86e67fdcc9ed (execID=7b89b9aefba95955475d6a337f1819da43b978d6fee7d479cbf25446bfe63091, image=amazon/amazon-ecs-agent:latest, name=ecs-agent)
2020-08-16T10:10:54.930630954Z container exec_start: /agent --healthcheck d08d36b803710529109e6fce8a5190b43c33e65ac9f67fb7647a86e67fdcc9ed (execID=7b89b9aefba95955475d6a337f1819da43b978d6fee7d479cbf25446bfe63091, image=amazon/amazon-ecs-agent:latest, name=ecs-agent)
2020-08-16T10:10:55.026720028Z container exec_die d08d36b803710529109e6fce8a5190b43c33e65ac9f67fb7647a86e67fdcc9ed (execID=7b89b9aefba95955475d6a337f1819da43b978d6fee7d479cbf25446bfe63091, exitCode=0, image=amazon/amazon-ecs-agent:latest, name=ecs-agent)
2020-08-16T10:11:25.034149562Z container exec_create: /agent --healthcheck d08d36b803710529109e6fce8a5190b43c33e65ac9f67fb7647a86e67fdcc9ed (execID=7af3af73a1a7b537253291db4c3e640ca04efc68d4788a06e6faceae2d24e528, image=amazon/amazon-ecs-agent:latest, name=ecs-agent)
2020-08-16T10:11:25.034224529Z container exec_start: /agent --healthcheck d08d36b803710529109e6fce8a5190b43c33e65ac9f67fb7647a86e67fdcc9ed (execID=7af3af73a1a7b537253291db4c3e640ca04efc68d4788a06e6faceae2d24e528, image=amazon/amazon-ecs-agent:latest, name=ecs-agent)
2020-08-16T10:11:25.156829776Z container exec_die d08d36b803710529109e6fce8a5190b43c33e65ac9f67fb7647a86e67fdcc9ed (execID=7af3af73a1a7b537253291db4c3e640ca04efc68d4788a06e6faceae2d24e528, exitCode=0, image=amazon/amazon-ecs-agent:latest, name=ecs-agent)
2020-08-16T10:11:55.164706514Z container exec_create: /agent --healthcheck d08d36b803710529109e6fce8a5190b43c33e65ac9f67fb7647a86e67fdcc9ed (execID=d3f1f5110b94c7a80d7283d69cc5919c0aefd6cc54ec65f71922099af0d5ee97, image=amazon/amazon-ecs-agent:latest, name=ecs-agent)
2020-08-16T10:11:55.164771204Z container exec_start: /agent --healthcheck d08d36b803710529109e6fce8a5190b43c33e65ac9f67fb7647a86e67fdcc9ed (execID=d3f1f5110b94c7a80d7283d69cc5919c0aefd6cc54ec65f71922099af0d5ee97, image=amazon/amazon-ecs-agent:latest, name=ecs-agent)
2020-08-16T10:11:55.260434002Z container exec_die d08d36b803710529109e6fce8a5190b43c33e65ac9f67fb7647a86e67fdcc9ed (execID=d3f1f5110b94c7a80d7283d69cc5919c0aefd6cc54ec65f71922099af0d5ee97, exitCode=0, image=amazon/amazon-ecs-agent:latest, name=ecs-agent)
2020-08-16T10:12:25.269943020Z container exec_create: /agent --healthcheck d08d36b803710529109e6fce8a5190b43c33e65ac9f67fb7647a86e67fdcc9ed (execID=1096db384e8498cc5c06ff709c6eaddced2ee680373dec15e7afacb28b7a590a, image=amazon/amazon-ecs-agent:latest, name=ecs-agent)
2020-08-16T10:12:25.270030706Z container exec_start: /agent --healthcheck d08d36b803710529109e6fce8a5190b43c33e65ac9f67fb7647a86e67fdcc9ed (execID=1096db384e8498cc5c06ff709c6eaddced2ee680373dec15e7afacb28b7a590a, image=amazon/amazon-ecs-agent:latest, name=ecs-agent)
2020-08-16T10:12:25.384982533Z container exec_die d08d36b803710529109e6fce8a5190b43c33e65ac9f67fb7647a86e67fdcc9ed (execID=1096db384e8498cc5c06ff709c6eaddced2ee680373dec15e7afacb28b7a590a, exitCode=0, image=amazon/amazon-ecs-agent:latest, name=ecs-agent)
2020-08-16T10:12:55.391958470Z container exec_create: /agent --healthcheck d08d36b803710529109e6fce8a5190b43c33e65ac9f67fb7647a86e67fdcc9ed (execID=f0cd96990f93d2a121046812bd72ec5c1c6a6d6db8933b959867099d859082f0, image=amazon/amazon-ecs-agent:latest, name=ecs-agent)
2020-08-16T10:12:55.392048713Z container exec_start: /agent --healthcheck d08d36b803710529109e6fce8a5190b43c33e65ac9f67fb7647a86e67fdcc9ed (execID=f0cd96990f93d2a121046812bd72ec5c1c6a6d6db8933b959867099d859082f0, image=amazon/amazon-ecs-agent:latest, name=ecs-agent)
2020-08-16T10:12:55.488470102Z container exec_die d08d36b803710529109e6fce8a5190b43c33e65ac9f67fb7647a86e67fdcc9ed (execID=f0cd96990f93d2a121046812bd72ec5c1c6a6d6db8933b959867099d859082f0, exitCode=0, image=amazon/amazon-ecs-agent:latest, name=ecs-agent)
2020-08-16T10:13:25.495484115Z container exec_create: /agent --healthcheck d08d36b803710529109e6fce8a5190b43c33e65ac9f67fb7647a86e67fdcc9ed (execID=47853e57fd96342ac9195469431a8ce2ce0198aab9c81205bb41d5b9794f1420, image=amazon/amazon-ecs-agent:latest, name=ecs-agent)
2020-08-16T10:13:25.495567916Z container exec_start: /agent --healthcheck d08d36b803710529109e6fce8a5190b43c33e65ac9f67fb7647a86e67fdcc9ed (execID=47853e57fd96342ac9195469431a8ce2ce0198aab9c81205bb41d5b9794f1420, image=amazon/amazon-ecs-agent:latest, name=ecs-agent)
2020-08-16T10:13:25.618481930Z container exec_die d08d36b803710529109e6fce8a5190b43c33e65ac9f67fb7647a86e67fdcc9ed (execID=47853e57fd96342ac9195469431a8ce2ce0198aab9c81205bb41d5b9794f1420, exitCode=0, image=amazon/amazon-ecs-agent:latest, name=ecs-agent)
2020-08-16T10:13:55.626413422Z container exec_create: /agent --healthcheck d08d36b803710529109e6fce8a5190b43c33e65ac9f67fb7647a86e67fdcc9ed (execID=a5f636f815c5716963b19f1305a56118e030b9b28efa5ff7523f2bc9cb5df9ac, image=amazon/amazon-ecs-agent:latest, name=ecs-agent)
2020-08-16T10:13:55.626483514Z container exec_start: /agent --healthcheck d08d36b803710529109e6fce8a5190b43c33e65ac9f67fb7647a86e67fdcc9ed (execID=a5f636f815c5716963b19f1305a56118e030b9b28efa5ff7523f2bc9cb5df9ac, image=amazon/amazon-ecs-agent:latest, name=ecs-agent)
2020-08-16T10:13:55.719944806Z container exec_die d08d36b803710529109e6fce8a5190b43c33e65ac9f67fb7647a86e67fdcc9ed (execID=a5f636f815c5716963b19f1305a56118e030b9b28efa5ff7523f2bc9cb5df9ac, exitCode=0, image=amazon/amazon-ecs-agent:latest, name=ecs-agent)
