[2020-08-16T10:05:10.611Z] INFO  [3069]  - [Initialization] : Starting activity...
[2020-08-16T10:05:10.612Z] INFO  [3069]  - [Initialization/AddonsBefore] : Starting activity...
[2020-08-16T10:05:10.612Z] INFO  [3069]  - [Initialization/AddonsBefore/InstallCWLAgent] : Starting activity...
[2020-08-16T10:05:10.612Z] INFO  [3069]  - [Initialization/AddonsBefore/InstallCWLAgent/01-install-cwl-agent.sh] : Starting activity...
[2020-08-16T10:05:12.969Z] INFO  [3069]  - [Initialization/AddonsBefore/InstallCWLAgent/01-install-cwl-agent.sh] : Completed activity. Result:
  + grep -iq 'Amazon Linux' /etc/issue
  + yum install -y awslogs
  Loaded plugins: priorities, update-motd, upgrade-helper
  Resolving Dependencies
  --> Running transaction check
  ---> Package awslogs.noarch 0:1.1.4-1.12.amzn1 will be installed
  --> Processing Dependency: aws-cli-plugin-cloudwatch-logs(python27) for package: awslogs-1.1.4-1.12.amzn1.noarch
  --> Running transaction check
  ---> Package aws-cli-plugin-cloudwatch-logs.noarch 0:1.4.6-1.17.amzn1 will be installed
  --> Finished Dependency Resolution
  
  Dependencies Resolved
  
  ================================================================================
   Package                         Arch    Version            Repository     Size
  ================================================================================
  Installing:
   awslogs                         noarch  1.1.4-1.12.amzn1   amzn-main     9.2 k
  Installing for dependencies:
   aws-cli-plugin-cloudwatch-logs  noarch  1.4.6-1.17.amzn1   amzn-updates   72 k
  
  Transaction Summary
  ================================================================================
  Install  1 Package (+1 Dependent package)
  
  Total download size: 81 k
  Installed size: 246 k
  Downloading packages:
  --------------------------------------------------------------------------------
  Total                                              680 kB/s |  81 kB  00:00     
  Running transaction check
  Running transaction test
  Transaction test succeeded
  Running transaction
    Installing : aws-cli-plugin-cloudwatch-logs-1.4.6-1.17.amzn1.noarch       1/2 
    Installing : awslogs-1.1.4-1.12.amzn1.noarch                              2/2 
    Verifying  : awslogs-1.1.4-1.12.amzn1.noarch                              1/2 
    Verifying  : aws-cli-plugin-cloudwatch-logs-1.4.6-1.17.amzn1.noarch       2/2 
  
  Installed:
    awslogs.noarch 0:1.1.4-1.12.amzn1                                             
  
  Dependency Installed:
    aws-cli-plugin-cloudwatch-logs.noarch 0:1.4.6-1.17.amzn1                      
  
  Complete!
  + cat
  ++ sed 's/.$//'
  ++ curl 169.254.169.254/latest/meta-data/placement/availability-zone
    % Total    % Received % Xferd  Average Speed   Time    Time     Time  Current
                                   Dload  Upload   Total   Spent    Left  Speed
    0     0    0     0    0     0      0      0 --:--:-- --:--:-- --:--:--     0100    10  100    10    0     0   5000      0 --:--:-- --:--:-- --:--:--  5000
  + region=us-east-1
  + sed -i -e 's/region = .*/region = us-east-1/g' /etc/awslogs/awscli.conf
  + /opt/elasticbeanstalk/bin/log-conf -n awslogs -l/var/log/awslogs.log
[2020-08-16T10:05:12.969Z] INFO  [3069]  - [Initialization/AddonsBefore/InstallCWLAgent] : Completed activity. Result:
  Successfully execute hooks in directory /opt/elasticbeanstalk/addons/logstreaming/hooks/install.
[2020-08-16T10:05:12.969Z] INFO  [3069]  - [Initialization/AddonsBefore] : Completed activity.
[2020-08-16T10:05:12.970Z] INFO  [3069]  - [Initialization/PreInitStage0] : Starting activity...
[2020-08-16T10:05:12.970Z] INFO  [3069]  - [Initialization/PreInitStage0/DownloadSourceBundle] : Starting activity...
[2020-08-16T10:05:13.329Z] INFO  [3069]  - [Initialization/PreInitStage0/DownloadSourceBundle] : Completed activity. Result:
  [2020-08-16T10:05:13.079Z] INFO  [3136]  : Application version will be saved to /opt/elasticbeanstalk/deploy/appsource.
  [2020-08-16T10:05:13.079Z] INFO  [3136]  : Using manifest cache with deployment ID 1 and serial 1.
  [2020-08-16T10:05:13.079Z] INFO  [3136]  : Attempting to download application source bundle to: '/opt/elasticbeanstalk/deploy/appsource/source_bundle'.
  [2020-08-16T10:05:13.079Z] INFO  [3136]  : Using computed s3 key.
  [2020-08-16T10:05:13.208Z] INFO  [3136]  : Downloading from bucket 'elasticbeanstalk-us-east-1-557533364516' with key 'resources/environments/e-qwema2dzau/_runtime/_versions/MultiDocker-Deploy/multidocker-deploy-source' and version '' to '/opt/elasticbeanstalk/deploy/appsource/source_bundle'.
  [2020-08-16T10:05:13.275Z] INFO  [3136]  : Size: 1205, ETag: "dec82d6083e9db6e1014f4ffce2011cf", Metadata: {"environmentid"=>"e-qwema2dzau", "requestid"=>"f5d0438f-9855-4a57-b3a5-ce3969537af2"}.
  [2020-08-16T10:05:13.315Z] INFO  [3136]  : Downloaded size: 1205.
  [2020-08-16T10:05:13.315Z] INFO  [3136]  : Successfully downloaded to '/opt/elasticbeanstalk/deploy/appsource/source_bundle'.
[2020-08-16T10:05:13.330Z] INFO  [3069]  - [Initialization/PreInitStage0/PreInitHook] : Starting activity...
[2020-08-16T10:05:13.330Z] INFO  [3069]  - [Initialization/PreInitStage0/PreInitHook/00logging.sh] : Starting activity...
[2020-08-16T10:05:13.566Z] INFO  [3069]  - [Initialization/PreInitStage0/PreInitHook/00logging.sh] : Completed activity. Result:
  + . /opt/elasticbeanstalk/hooks/common.sh
  + /opt/elasticbeanstalk/bin/log-conf -n eb-ecs-mgr -l/var/log/eb-ecs-mgr.log
  + tee /opt/elasticbeanstalk/tasks/bundlelogs.d/ecs-agent.conf /opt/elasticbeanstalk/tasks/publishlogs.d/ecs-agent.conf /opt/elasticbeanstalk/tasks/systemtaillogs.d/ecs-agent.conf /opt/elasticbeanstalk/tasks/taillogs.d/ecs-agent.conf
  + echo '/var/log/ecs/ecs-agent.log*'
  /var/log/ecs/ecs-agent.log*
  + tee /opt/elasticbeanstalk/tasks/bundlelogs.d/ecs-init.conf /opt/elasticbeanstalk/tasks/publishlogs.d/ecs-init.conf /opt/elasticbeanstalk/tasks/systemtaillogs.d/ecs-init.conf /opt/elasticbeanstalk/tasks/taillogs.d/ecs-init.conf
  + echo '/var/log/ecs/ecs-init.log*'
  /var/log/ecs/ecs-init.log*
  + /opt/elasticbeanstalk/bin/log-conf -n docker -l/var/log/docker-events.log,/var/log/docker-ps.log
  + /opt/elasticbeanstalk/bin/log-conf -n dockerdaemon -l/var/log/docker
  + /opt/elasticbeanstalk/bin/log-conf -n applogs-stdouterr '-l/var/log/containers/*-stdouterr.log'
[2020-08-16T10:05:13.567Z] INFO  [3069]  - [Initialization/PreInitStage0/PreInitHook/01packages.sh] : Starting activity...
[2020-08-16T10:05:16.815Z] INFO  [3069]  - [Initialization/PreInitStage0/PreInitHook/01packages.sh] : Completed activity. Result:
  + . /opt/elasticbeanstalk/hooks/common.sh
  + chkconfig cfn-hup on
  + is_baked ecs_packages
  + [[ -f /etc/elasticbeanstalk/baking_manifest/ecs_packages ]]
  + true
  + SET_LIMIT_SH=/etc/elasticbeanstalk/set-ulimit.sh
  + grep -q /etc/elasticbeanstalk/set-ulimit.sh
  + cat /etc/sysconfig/docker
  + cat
  ++ /opt/elasticbeanstalk/bin/get-config container -k docker_volume
  + EB_CONFIG_DOCKER_VOLUME=/dev/xvdcz
  + '[' -b /dev/xvdcz ']'
  + is_docker_storage_options_configured
  + '[' -f /etc/sysconfig/docker-storage ']'
  + . /etc/sysconfig/docker-storage
  ++ DOCKER_STORAGE_OPTIONS=
  + '[' -n '' ']'
  + service docker stop
  Stopping docker: [  OK  ]
  + rm -rf /var/lib/docker
  + run_docker_storage_setup
  + cat
  ++ lsblk -o MOUNTPOINT -nd /dev/xvdcz
  + '[' -n '' ']'
  + docker-storage-setup
  INFO: EXTRA_DOCKER_STORAGE_OPTIONS is deprecated, please use EXTRA_STORAGE_OPTIONS
  INFO: Volume group backing root filesystem could not be determined
  INFO: Device node /dev/xvdcz1 exists.
    Physical volume "/dev/xvdcz1" successfully created.
    Volume group "docker" successfully created
    Using default stripesize 64.00 KiB.
    Rounding up size to full physical extent 16.00 MiB
    Logical volume "docker-pool" created.
    Logical volume docker/docker-pool changed.
  + service docker restart
  Stopping docker: [FAILED]
  Starting docker:	.[  OK  ]
[2020-08-16T10:05:16.815Z] INFO  [3069]  - [Initialization/PreInitStage0/PreInitHook/02ecs.sh] : Starting activity...
[2020-08-16T10:05:55.809Z] INFO  [3069]  - [Initialization/PreInitStage0/PreInitHook/02ecs.sh] : Completed activity. Result:
  + . /opt/elasticbeanstalk/hooks/common.sh
  ++ /opt/elasticbeanstalk/bin/get-config container -k ecs_cluster
  + EB_CONFIG_ECS_CLUSTER=awseb-MultidockerDeploy-env-qwema2dzau
  ++ /opt/elasticbeanstalk/bin/get-config container -k ecs_region
  + EB_CONFIG_ECS_REGION=us-east-1
  ++ /opt/elasticbeanstalk/bin/get-config container -k support_files_dir
  + EB_CONFIG_SUPPORT_FILES_DIR=/opt/elasticbeanstalk/containerfiles/support
  + is_baked ecs_agent
  + [[ -f /etc/elasticbeanstalk/baking_manifest/ecs_agent ]]
  + true
  + aws configure set default.output json
  + aws configure set default.region us-east-1
  + echo ECS_ENABLE_TASK_ENI=false
  + echo ECS_CLUSTER=awseb-MultidockerDeploy-env-qwema2dzau
  + grep -q 'ecs start/'
  + initctl status ecs
  + initctl start ecs
  ecs start/running, process 3757
  + TIMEOUT=120
  ++ jq -r .ContainerInstanceArn
  ++ curl http://localhost:51678/v1/metadata
    % Total    % Received % Xferd  Average Speed   Time    Time     Time  Current
                                   Dload  Upload   Total   Spent    Left  Speed
    0     0    0     0    0     0      0      0 --:--:-- --:--:-- --:--:--     0curl: (7) Failed to connect to localhost port 51678: Connection refused
  + INSTANCE_ARN=
  + '[' -n '' ']'
  + sleep 1
  + TIMEOUT=119
  + '[' 119 -le 0 ']'
  ++ jq -r .ContainerInstanceArn
  ++ curl http://localhost:51678/v1/metadata
    % Total    % Received % Xferd  Average Speed   Time    Time     Time  Current
                                   Dload  Upload   Total   Spent    Left  Speed
    0     0    0     0    0     0      0      0 --:--:-- --:--:-- --:--:--     0curl: (7) Failed to connect to localhost port 51678: Connection refused
  + INSTANCE_ARN=
  + '[' -n '' ']'
  + sleep 1
  + TIMEOUT=118
  + '[' 118 -le 0 ']'
  ++ jq -r .ContainerInstanceArn
  ++ curl http://localhost:51678/v1/metadata
    % Total    % Received % Xferd  Average Speed   Time    Time     Time  Current
                                   Dload  Upload   Total   Spent    Left  Speed
    0     0    0     0    0     0      0      0 --:--:-- --:--:-- --:--:--     0curl: (7) Failed to connect to localhost port 51678: Connection refused
  + INSTANCE_ARN=
  + '[' -n '' ']'
  + sleep 1
  + TIMEOUT=117
  + '[' 117 -le 0 ']'
  ++ jq -r .ContainerInstanceArn
  ++ curl http://localhost:51678/v1/metadata
    % Total    % Received % Xferd  Average Speed   Time    Time     Time  Current
                                   Dload  Upload   Total   Spent    Left  Speed
    0     0    0     0    0     0      0      0 --:--:-- --:--:-- --:--:--     0100   218  100   218    0     0  54500      0 --:--:-- --:--:-- --:--:-- 54500
  + INSTANCE_ARN=arn:aws:ecs:us-east-1:557533364516:container-instance/4a151d22-2930-40bc-8016-ec66140f5148
  + '[' -n arn:aws:ecs:us-east-1:557533364516:container-instance/4a151d22-2930-40bc-8016-ec66140f5148 ']'
  + '[' arn:aws:ecs:us-east-1:557533364516:container-instance/4a151d22-2930-40bc-8016-ec66140f5148 '!=' null ']'
  + cp /opt/elasticbeanstalk/containerfiles/support/init/eb-ecs.conf /etc/init/
  + cp /opt/elasticbeanstalk/containerfiles/support/init/eb-docker-events.conf /etc/init/
  + grep -q running
  + initctl start eb-docker-events
[2020-08-16T10:05:55.809Z] INFO  [3069]  - [Initialization/PreInitStage0/PreInitHook] : Completed activity. Result:
  Successfully execute hooks in directory /opt/elasticbeanstalk/hooks/preinit.
[2020-08-16T10:05:55.809Z] INFO  [3069]  - [Initialization/PreInitStage0] : Completed activity. Result:
  Initialization - Command CMD-PreInit stage 0 completed
[2020-08-16T10:05:55.810Z] INFO  [3069]  - [Initialization/AddonsAfter] : Starting activity...
[2020-08-16T10:05:55.810Z] INFO  [3069]  - [Initialization/AddonsAfter] : Completed activity.
[2020-08-16T10:05:55.810Z] INFO  [3069]  - [Initialization] : Completed activity. Result:
  Initialization - Command CMD-PreInit succeeded
[2020-08-16T10:06:21.078Z] INFO  [4010]  - [Application deployment multidocker-deploy-source@1] : Starting activity...
[2020-08-16T10:06:21.078Z] INFO  [4010]  - [Application deployment multidocker-deploy-source@1/AddonsBefore] : Starting activity...
[2020-08-16T10:06:21.078Z] INFO  [4010]  - [Application deployment multidocker-deploy-source@1/AddonsBefore/ConfigCWLAgent] : Starting activity...
[2020-08-16T10:06:21.079Z] INFO  [4010]  - [Application deployment multidocker-deploy-source@1/AddonsBefore/ConfigCWLAgent/10-config.sh] : Starting activity...
[2020-08-16T10:06:21.207Z] INFO  [4010]  - [Application deployment multidocker-deploy-source@1/AddonsBefore/ConfigCWLAgent/10-config.sh] : Completed activity. Result:
  Log streaming option setting is not specified, ignore cloudwatch logs setup.
  
  Disabled log streaming.
[2020-08-16T10:06:21.208Z] INFO  [4010]  - [Application deployment multidocker-deploy-source@1/AddonsBefore/ConfigCWLAgent] : Completed activity. Result:
  Successfully execute hooks in directory /opt/elasticbeanstalk/addons/logstreaming/hooks/config.
[2020-08-16T10:06:21.208Z] INFO  [4010]  - [Application deployment multidocker-deploy-source@1/AddonsBefore] : Completed activity.
[2020-08-16T10:06:21.611Z] INFO  [4010]  - [Application deployment multidocker-deploy-source@1/StartupStage0] : Starting activity...
[2020-08-16T10:06:21.611Z] INFO  [4010]  - [Application deployment multidocker-deploy-source@1/StartupStage0/HealthdLogRotation] : Starting activity...
[2020-08-16T10:06:21.620Z] INFO  [4010]  - [Application deployment multidocker-deploy-source@1/StartupStage0/HealthdLogRotation] : Completed activity. Result:
  ["/etc/cron.hourly/cron.logrotate.elasticbeanstalk.healthd.conf"]
[2020-08-16T10:06:21.620Z] INFO  [4010]  - [Application deployment multidocker-deploy-source@1/StartupStage0/HealthdHTTPDLogging] : Starting activity...
[2020-08-16T10:06:21.620Z] INFO  [4010]  - [Application deployment multidocker-deploy-source@1/StartupStage0/HealthdHTTPDLogging] : Completed activity.
[2020-08-16T10:06:21.620Z] INFO  [4010]  - [Application deployment multidocker-deploy-source@1/StartupStage0/HealthdNginxLogging] : Starting activity...
[2020-08-16T10:06:21.621Z] INFO  [4010]  - [Application deployment multidocker-deploy-source@1/StartupStage0/HealthdNginxLogging] : Completed activity.
[2020-08-16T10:06:21.621Z] INFO  [4010]  - [Application deployment multidocker-deploy-source@1/StartupStage0/EbExtensionPreBuild] : Starting activity...
[2020-08-16T10:06:22.045Z] INFO  [4010]  - [Application deployment multidocker-deploy-source@1/StartupStage0/EbExtensionPreBuild/Infra-EmbeddedPreBuild] : Starting activity...
[2020-08-16T10:06:22.045Z] INFO  [4010]  - [Application deployment multidocker-deploy-source@1/StartupStage0/EbExtensionPreBuild/Infra-EmbeddedPreBuild] : Completed activity.
[2020-08-16T10:06:22.064Z] INFO  [4010]  - [Application deployment multidocker-deploy-source@1/StartupStage0/EbExtensionPreBuild] : Completed activity.
[2020-08-16T10:06:22.064Z] INFO  [4010]  - [Application deployment multidocker-deploy-source@1/StartupStage0/AppDeployPreHook] : Starting activity...
[2020-08-16T10:06:22.066Z] INFO  [4010]  - [Application deployment multidocker-deploy-source@1/StartupStage0/AppDeployPreHook/00enable-eb-ecs.sh] : Starting activity...
[2020-08-16T10:06:22.587Z] INFO  [4010]  - [Application deployment multidocker-deploy-source@1/StartupStage0/AppDeployPreHook/00enable-eb-ecs.sh] : Completed activity. Result:
  mv: cannot stat ‘/etc/init/eb-ecs.conf.disabled’: No such file or directory
  Error response from daemon: No such image: d0c60e837d9e:latest
[2020-08-16T10:06:22.587Z] INFO  [4010]  - [Application deployment multidocker-deploy-source@1/StartupStage0/AppDeployPreHook/01unzip.sh] : Starting activity...
[2020-08-16T10:06:23.373Z] INFO  [4010]  - [Application deployment multidocker-deploy-source@1/StartupStage0/AppDeployPreHook/01unzip.sh] : Completed activity. Result:
  + . /opt/elasticbeanstalk/hooks/common.sh
  ++ /opt/elasticbeanstalk/bin/get-config container -k source_bundle
  + EB_CONFIG_APP_SOURCE=/opt/elasticbeanstalk/deploy/appsource/source_bundle
  ++ /opt/elasticbeanstalk/bin/get-config container -k app_deploy_dir
  + EB_CONFIG_APP_CURRENT=/var/app/current
  ++ /opt/elasticbeanstalk/bin/get-config container -k support_files_dir
  + EB_SUPPORT_FILES=/opt/elasticbeanstalk/containerfiles/support
  ++ /opt/elasticbeanstalk/bin/get-config container -k host_log_dir
  + EB_CONFIG_DOCKER_LOG_HOST_DIR=/var/log/containers
  ++ /opt/elasticbeanstalk/bin/get-config container -k app_staging_dir
  + EB_CONFIG_APP_STAGING=/var/app/staging
  + '[' -z /var/app/staging ']'
  + rm -rf /var/app/staging
  + mkdir -p /var/app/staging
  ++ file -m /opt/elasticbeanstalk/containerfiles/support/beanstalk-magic -b --mime-type /opt/elasticbeanstalk/deploy/appsource/source_bundle
  + APP_BUNDLE_TYPE=application/json
  + '[' application/json = application/zip ']'
  + cp /opt/elasticbeanstalk/deploy/appsource/source_bundle /var/app/staging/Dockerrun.aws.json
  ++ jq -r '.containerDefinitions[].name'
  ++ cat /var/app/staging/Dockerrun.aws.json
  + for CONTAINER in '`cat $EB_CONFIG_APP_STAGING/Dockerrun.aws.json | jq -r .containerDefinitions[].name`'
  + CONTAINER_LOG_DIR=/var/log/containers/mysql
  + mkdir -p /var/log/containers/mysql
  + chmod 777 /var/log/containers/mysql
  + /opt/elasticbeanstalk/bin/log-conf -n applogs-mysql '-l/var/log/containers/mysql/*.log' -r size=1M,rotate=5
  + /opt/elasticbeanstalk/bin/log-conf -n applogs-mysql-rotated '-l/var/log/containers/mysql.log*' -t bundlelogs
  + for CONTAINER in '`cat $EB_CONFIG_APP_STAGING/Dockerrun.aws.json | jq -r .containerDefinitions[].name`'
  + CONTAINER_LOG_DIR=/var/log/containers/rakesh
  + mkdir -p /var/log/containers/rakesh
  + chmod 777 /var/log/containers/rakesh
  + /opt/elasticbeanstalk/bin/log-conf -n applogs-rakesh '-l/var/log/containers/rakesh/*.log' -r size=1M,rotate=5
  + /opt/elasticbeanstalk/bin/log-conf -n applogs-rakesh-rotated '-l/var/log/containers/rakesh.log*' -t bundlelogs
[2020-08-16T10:06:23.373Z] INFO  [4010]  - [Application deployment multidocker-deploy-source@1/StartupStage0/AppDeployPreHook/02loopback-check.sh] : Starting activity...
[2020-08-16T10:06:23.492Z] INFO  [4010]  - [Application deployment multidocker-deploy-source@1/StartupStage0/AppDeployPreHook/02loopback-check.sh] : Completed activity. Result:
  WARNING: the devicemapper storage-driver is deprecated, and will be removed in a future release.
[2020-08-16T10:06:23.492Z] INFO  [4010]  - [Application deployment multidocker-deploy-source@1/StartupStage0/AppDeployPreHook] : Completed activity. Result:
  Successfully execute hooks in directory /opt/elasticbeanstalk/hooks/appdeploy/pre.
[2020-08-16T10:06:23.492Z] INFO  [4010]  - [Application deployment multidocker-deploy-source@1/StartupStage0/EbExtensionPostBuild] : Starting activity...
[2020-08-16T10:06:23.898Z] INFO  [4010]  - [Application deployment multidocker-deploy-source@1/StartupStage0/EbExtensionPostBuild/Infra-EmbeddedPostBuild] : Starting activity...
[2020-08-16T10:06:23.898Z] INFO  [4010]  - [Application deployment multidocker-deploy-source@1/StartupStage0/EbExtensionPostBuild/Infra-EmbeddedPostBuild] : Completed activity.
[2020-08-16T10:06:23.915Z] INFO  [4010]  - [Application deployment multidocker-deploy-source@1/StartupStage0/EbExtensionPostBuild] : Completed activity.
[2020-08-16T10:06:23.915Z] INFO  [4010]  - [Application deployment multidocker-deploy-source@1/StartupStage0/InfraCleanEbExtension] : Starting activity...
[2020-08-16T10:06:23.916Z] INFO  [4010]  - [Application deployment multidocker-deploy-source@1/StartupStage0/InfraCleanEbExtension] : Completed activity. Result:
  Cleaned ebextensions subdirectories from /var/app/staging.
[2020-08-16T10:06:23.916Z] INFO  [4010]  - [Application deployment multidocker-deploy-source@1/StartupStage0] : Completed activity. Result:
  Application deployment - Command CMD-Startup stage 0 completed
[2020-08-16T10:06:23.916Z] INFO  [4010]  - [Application deployment multidocker-deploy-source@1/StartupStage1] : Starting activity...
[2020-08-16T10:06:23.916Z] INFO  [4010]  - [Application deployment multidocker-deploy-source@1/StartupStage1/AppDeployEnactHook] : Starting activity...
[2020-08-16T10:06:23.918Z] INFO  [4010]  - [Application deployment multidocker-deploy-source@1/StartupStage1/AppDeployEnactHook/00stop-task.sh] : Starting activity...
[2020-08-16T10:06:23.923Z] INFO  [4010]  - [Application deployment multidocker-deploy-source@1/StartupStage1/AppDeployEnactHook/00stop-task.sh] : Completed activity. Result:
  + grep -q 'eb-ecs start/'
  + initctl status eb-ecs
[2020-08-16T10:06:23.924Z] INFO  [4010]  - [Application deployment multidocker-deploy-source@1/StartupStage1/AppDeployEnactHook/01flip-dir.sh] : Starting activity...
[2020-08-16T10:06:24.112Z] INFO  [4010]  - [Application deployment multidocker-deploy-source@1/StartupStage1/AppDeployEnactHook/01flip-dir.sh] : Completed activity. Result:
  + . /opt/elasticbeanstalk/hooks/common.sh
  ++ /opt/elasticbeanstalk/bin/get-config container -k app_deploy_dir
  + EB_CONFIG_APP_CURRENT=/var/app/current
  ++ /opt/elasticbeanstalk/bin/get-config container -k app_staging_dir
  + EB_CONFIG_APP_STAGING=/var/app/staging
  + '[' -z /var/app/staging ']'
  + '[' -d /var/app/current ']'
  + mv /var/app/staging /var/app/current
  + nohup rm -rf /var/app/current.old
[2020-08-16T10:06:24.112Z] INFO  [4010]  - [Application deployment multidocker-deploy-source@1/StartupStage1/AppDeployEnactHook/02update-credentials.sh] : Starting activity...
[2020-08-16T10:06:24.315Z] INFO  [4010]  - [Application deployment multidocker-deploy-source@1/StartupStage1/AppDeployEnactHook/02update-credentials.sh] : Completed activity.
[2020-08-16T10:06:24.315Z] INFO  [4010]  - [Application deployment multidocker-deploy-source@1/StartupStage1/AppDeployEnactHook/03start-task.sh] : Starting activity...
[2020-08-16T10:06:53.601Z] INFO  [4010]  - [Application deployment multidocker-deploy-source@1/StartupStage1/AppDeployEnactHook/03start-task.sh] : Completed activity. Result:
  + . /opt/elasticbeanstalk/hooks/common.sh
  + RETRY=0
  + initctl start eb-ecs EB_EVENT_FILE=/tmp/eventsfile20200816-4010-12asvzf
  eb-ecs start/running, process 5017
[2020-08-16T10:06:53.602Z] INFO  [4010]  - [Application deployment multidocker-deploy-source@1/StartupStage1/AppDeployEnactHook/04monitor_pids.sh] : Starting activity...
[2020-08-16T10:06:53.945Z] INFO  [4010]  - [Application deployment multidocker-deploy-source@1/StartupStage1/AppDeployEnactHook/04monitor_pids.sh] : Completed activity. Result:
  + /opt/elasticbeanstalk/bin/healthd-track-pidfile --name application --location /var/run/docker.pid
[2020-08-16T10:06:53.945Z] INFO  [4010]  - [Application deployment multidocker-deploy-source@1/StartupStage1/AppDeployEnactHook] : Completed activity. Result:
  Successfully execute hooks in directory /opt/elasticbeanstalk/hooks/appdeploy/enact.
[2020-08-16T10:06:53.946Z] INFO  [4010]  - [Application deployment multidocker-deploy-source@1/StartupStage1/AppDeployPostHook] : Starting activity...
[2020-08-16T10:06:53.947Z] INFO  [4010]  - [Application deployment multidocker-deploy-source@1/StartupStage1/AppDeployPostHook/00_clean_imgs.sh] : Starting activity...
[2020-08-16T10:06:55.728Z] INFO  [4010]  - [Application deployment multidocker-deploy-source@1/StartupStage1/AppDeployPostHook/00_clean_imgs.sh] : Completed activity.
[2020-08-16T10:06:55.728Z] INFO  [4010]  - [Application deployment multidocker-deploy-source@1/StartupStage1/AppDeployPostHook] : Completed activity. Result:
  Successfully execute hooks in directory /opt/elasticbeanstalk/hooks/appdeploy/post.
[2020-08-16T10:06:55.728Z] INFO  [4010]  - [Application deployment multidocker-deploy-source@1/StartupStage1/PostInitHook] : Starting activity...
[2020-08-16T10:06:55.729Z] INFO  [4010]  - [Application deployment multidocker-deploy-source@1/StartupStage1/PostInitHook] : Completed activity. Result:
  Successfully execute hooks in directory /opt/elasticbeanstalk/hooks/postinit.
[2020-08-16T10:06:55.729Z] INFO  [4010]  - [Application deployment multidocker-deploy-source@1/StartupStage1] : Completed activity. Result:
  Application deployment - Command CMD-Startup stage 1 completed
[2020-08-16T10:06:55.729Z] INFO  [4010]  - [Application deployment multidocker-deploy-source@1/AddonsAfter] : Starting activity...
[2020-08-16T10:06:55.729Z] INFO  [4010]  - [Application deployment multidocker-deploy-source@1/AddonsAfter/ConfigLogRotation] : Starting activity...
[2020-08-16T10:06:55.731Z] INFO  [4010]  - [Application deployment multidocker-deploy-source@1/AddonsAfter/ConfigLogRotation/10-config.sh] : Starting activity...
[2020-08-16T10:06:55.916Z] INFO  [4010]  - [Application deployment multidocker-deploy-source@1/AddonsAfter/ConfigLogRotation/10-config.sh] : Completed activity. Result:
  Disabled forced hourly log rotation.
[2020-08-16T10:06:55.917Z] INFO  [4010]  - [Application deployment multidocker-deploy-source@1/AddonsAfter/ConfigLogRotation] : Completed activity. Result:
  Successfully execute hooks in directory /opt/elasticbeanstalk/addons/logpublish/hooks/config.
[2020-08-16T10:06:55.917Z] INFO  [4010]  - [Application deployment multidocker-deploy-source@1/AddonsAfter] : Completed activity.
[2020-08-16T10:06:55.917Z] INFO  [4010]  - [Application deployment multidocker-deploy-source@1] : Completed activity. Result:
  Application deployment - Command CMD-Startup succeeded
[2020-08-16T10:10:13.533Z] INFO  [5689]  - [CMD-TailLogs] : Starting activity...
[2020-08-16T10:10:13.534Z] INFO  [5689]  - [CMD-TailLogs/AddonsBefore] : Starting activity...
[2020-08-16T10:10:13.534Z] INFO  [5689]  - [CMD-TailLogs/AddonsBefore] : Completed activity.
[2020-08-16T10:10:13.534Z] INFO  [5689]  - [CMD-TailLogs/TailLogsDockerPS] : Starting activity...
[2020-08-16T10:10:13.534Z] INFO  [5689]  - [CMD-TailLogs/TailLogsDockerPS/DockerPS] : Starting activity...
[2020-08-16T10:10:13.620Z] INFO  [5689]  - [CMD-TailLogs/TailLogsDockerPS/DockerPS] : Completed activity.
[2020-08-16T10:10:13.621Z] INFO  [5689]  - [CMD-TailLogs/TailLogsDockerPS] : Completed activity. Result:
  CMD-TailLogs - stage 0 - Command CMD-TailLogs stage 0 completed
[2020-08-16T10:10:13.621Z] INFO  [5689]  - [CMD-TailLogs/TailLogs] : Starting activity...
[2020-08-16T10:10:13.621Z] INFO  [5689]  - [CMD-TailLogs/TailLogs/TailLogs] : Starting activity...
[2020-08-16T10:10:13.882Z] INFO  [5689]  - [CMD-TailLogs/TailLogs/TailLogs] : Completed activity.
[2020-08-16T10:10:13.882Z] INFO  [5689]  - [CMD-TailLogs/TailLogs] : Completed activity. Result:
  CMD-TailLogs - stage 1 - Command CMD-TailLogs stage 1 completed
[2020-08-16T10:10:13.883Z] INFO  [5689]  - [CMD-TailLogs/AddonsAfter] : Starting activity...
[2020-08-16T10:10:13.883Z] INFO  [5689]  - [CMD-TailLogs/AddonsAfter] : Completed activity.
[2020-08-16T10:10:13.883Z] INFO  [5689]  - [CMD-TailLogs] : Completed activity. Result:
  CMD-TailLogs - Command CMD-TailLogs succeeded
[2020-08-16T10:14:22.364Z] INFO  [6293]  - [CMD-BundleLogs] : Starting activity...
[2020-08-16T10:14:22.364Z] INFO  [6293]  - [CMD-BundleLogs/AddonsBefore] : Starting activity...
[2020-08-16T10:14:22.365Z] INFO  [6293]  - [CMD-BundleLogs/AddonsBefore] : Completed activity.
[2020-08-16T10:14:22.365Z] INFO  [6293]  - [CMD-BundleLogs/BundleLogs] : Starting activity...
[2020-08-16T10:14:22.365Z] INFO  [6293]  - [CMD-BundleLogs/BundleLogs/BundleLogs] : Starting activity...
