[2020-08-16T10:05:06Z] Started EB User Data
+ SLEEP_TIME=10
+ SLEEP_TIME_MAX=3600
+ true
+ curl https://s3.dualstack.us-east-1.amazonaws.com/elasticbeanstalk-env-resources-us-east-1/stalks/eb_docker_ecs_4.2.1.201857.0_1596621143/lib/UserDataScript.sh
  % Total    % Received % Xferd  Average Speed   Time    Time     Time  Current
                                 Dload  Upload   Total   Spent    Left  Speed
  0     0    0     0    0     0      0      0 --:--:-- --:--:-- --:--:--     0100 12536  100 12536    0     0   197k      0 --:--:-- --:--:-- --:--:--  197k
+ RESULT=0
+ [[ 0 -ne 0 ]]
+ /bin/bash /tmp/ebbootstrap.sh https://s3.dualstack.us-east-1.amazonaws.com/elasticbeanstalk-env-resources-us-east-1/stalks/eb_docker_ecs_4.2.1.201857.0_1596621143/lib/aws-elasticbeanstalk-tools-1.20-1.noarch.rpm 'https://s3.dualstack.us-east-1.amazonaws.com/elasticbeanstalk-env-resources-us-east-1/stalks/eb_docker_ecs_4.2.1.201857.0_1596621143/lib/awseb-ruby-2.2.4-x86_64-20160503_1008.tar.gz https://s3.dualstack.us-east-1.amazonaws.com/elasticbeanstalk-env-resources-us-east-1/stalks/eb_docker_ecs_4.2.1.201857.0_1596621143/lib/basehooks.tar.gz' 'https://s3.dualstack.us-east-1.amazonaws.com/elasticbeanstalk-env-resources-us-east-1/stalks/eb_docker_ecs_4.2.1.201857.0_1596621143/lib/beanstalk-core-2.12.gem https://s3.dualstack.us-east-1.amazonaws.com/elasticbeanstalk-env-resources-us-east-1/stalks/eb_docker_ecs_4.2.1.201857.0_1596621143/lib/beanstalk-core-healthd-1.1.gem https://s3.dualstack.us-east-1.amazonaws.com/elasticbeanstalk-env-resources-us-east-1/stalks/eb_docker_ecs_4.2.1.201857.0_1596621143/lib/executor-1.2.gem' 'https://cloudformation-waitcondition-us-east-1.s3.amazonaws.com/arn%3Aaws%3Acloudformation%3Aus-east-1%3A557533364516%3Astack/awseb-e-qwema2dzau-stack/cb46aac0-dfa7-11ea-8e8d-0eb23bbe71c5/AWSEBInstanceLaunchWaitHandle?X-Amz-Algorithm=AWS4-HMAC-SHA256&X-Amz-Date=20200816T100400Z&X-Amz-SignedHeaders=host&X-Amz-Expires=86399&X-Amz-Credential=AKIAIIT3CWAIMJYUTISA%2F20200816%2Fus-east-1%2Fs3%2Faws4_request&X-Amz-Signature=b63cd609701c32cea053d727df5bede65a7c150c12e79362d539a40390957746' arn:aws:cloudformation:us-east-1:557533364516:stack/awseb-e-qwema2dzau-stack/cb46aac0-dfa7-11ea-8e8d-0eb23bbe71c5 us-east-1 3eba1b6112ae c02bf2e6-dcb7-4477-880c-4799f622a8a7 '' '' ''
[2020-08-16T10:05:06.397Z] Started EB Bootstrapping Script.
[2020-08-16T10:05:06.414Z] Received parameters:
 RPMS = https://s3.dualstack.us-east-1.amazonaws.com/elasticbeanstalk-env-resources-us-east-1/stalks/eb_docker_ecs_4.2.1.201857.0_1596621143/lib/aws-elasticbeanstalk-tools-1.20-1.noarch.rpm
 TARBALLS = https://s3.dualstack.us-east-1.amazonaws.com/elasticbeanstalk-env-resources-us-east-1/stalks/eb_docker_ecs_4.2.1.201857.0_1596621143/lib/awseb-ruby-2.2.4-x86_64-20160503_1008.tar.gz https://s3.dualstack.us-east-1.amazonaws.com/elasticbeanstalk-env-resources-us-east-1/stalks/eb_docker_ecs_4.2.1.201857.0_1596621143/lib/basehooks.tar.gz
 EB_GEMS = https://s3.dualstack.us-east-1.amazonaws.com/elasticbeanstalk-env-resources-us-east-1/stalks/eb_docker_ecs_4.2.1.201857.0_1596621143/lib/beanstalk-core-2.12.gem https://s3.dualstack.us-east-1.amazonaws.com/elasticbeanstalk-env-resources-us-east-1/stalks/eb_docker_ecs_4.2.1.201857.0_1596621143/lib/beanstalk-core-healthd-1.1.gem https://s3.dualstack.us-east-1.amazonaws.com/elasticbeanstalk-env-resources-us-east-1/stalks/eb_docker_ecs_4.2.1.201857.0_1596621143/lib/executor-1.2.gem
 SIGNAL_URL = https://cloudformation-waitcondition-us-east-1.s3.amazonaws.com/arn%3Aaws%3Acloudformation%3Aus-east-1%3A557533364516%3Astack/awseb-e-qwema2dzau-stack/cb46aac0-dfa7-11ea-8e8d-0eb23bbe71c5/AWSEBInstanceLaunchWaitHandle?X-Amz-Algorithm=AWS4-HMAC-SHA256&X-Amz-Date=20200816T100400Z&X-Amz-SignedHeaders=host&X-Amz-Expires=86399&X-Amz-Credential=AKIAIIT3CWAIMJYUTISA%2F20200816%2Fus-east-1%2Fs3%2Faws4_request&X-Amz-Signature=b63cd609701c32cea053d727df5bede65a7c150c12e79362d539a40390957746
 STACK_ID = arn:aws:cloudformation:us-east-1:557533364516:stack/awseb-e-qwema2dzau-stack/cb46aac0-dfa7-11ea-8e8d-0eb23bbe71c5
 REGION = us-east-1
 GUID = 3eba1b6112ae
 HEALTHD_GROUP_ID = c02bf2e6-dcb7-4477-880c-4799f622a8a7
 HEALTHD_ENDPOINT = 
 PROXY_SERVER = 
 HEALTHD_PROXY_LOG_LOCATION =
[2020-08-16T10:05:06.473Z] Synchronizing network time in background.
[2020-08-16T10:05:06.494Z] yum repo has already been locked to 3eba1b6112ae.
[2020-08-16T10:05:06.503Z] yum update has already been done.
Shutting down ntpd: [2020-08-16T10:05:06.570Z] Completed creating AWS EB users and groups.
[2020-08-16T10:05:06.578Z] Started executing install_rpms https://s3.dualstack.us-east-1.amazonaws.com/elasticbeanstalk-env-resources-us-east-1/stalks/eb_docker_ecs_4.2.1.201857.0_1596621143/lib/aws-elasticbeanstalk-tools-1.20-1.noarch.rpm.
[2020-08-16T10:05:06.584Z] Installing RPM: https://s3.dualstack.us-east-1.amazonaws.com/elasticbeanstalk-env-resources-us-east-1/stalks/eb_docker_ecs_4.2.1.201857.0_1596621143/lib/aws-elasticbeanstalk-tools-1.20-1.noarch.rpm.
[  OK  ]
[2020-08-16T10:05:06.822Z] aws-elasticbeanstalk-tools-1.20-1.noarch has already been installed. Skip installing.
[2020-08-16T10:05:06.848Z] Command Returned: 
[2020-08-16T10:05:06.851Z] Completed executing install_rpms.
[2020-08-16T10:05:06.856Z] Started executing install_tarballs https://s3.dualstack.us-east-1.amazonaws.com/elasticbeanstalk-env-resources-us-east-1/stalks/eb_docker_ecs_4.2.1.201857.0_1596621143/lib/awseb-ruby-2.2.4-x86_64-20160503_1008.tar.gz https://s3.dualstack.us-east-1.amazonaws.com/elasticbeanstalk-env-resources-us-east-1/stalks/eb_docker_ecs_4.2.1.201857.0_1596621143/lib/basehooks.tar.gz.
[2020-08-16T10:05:06.859Z] Installing tarball: https://s3.dualstack.us-east-1.amazonaws.com/elasticbeanstalk-env-resources-us-east-1/stalks/eb_docker_ecs_4.2.1.201857.0_1596621143/lib/awseb-ruby-2.2.4-x86_64-20160503_1008.tar.gz.
[2020-08-16T10:05:06.862Z] awseb-ruby-2.2.4-x86_64-20160503_1008.tar.gz has already been installed. Skip installing.
[2020-08-16T10:05:06.874Z] Installing tarball: https://s3.dualstack.us-east-1.amazonaws.com/elasticbeanstalk-env-resources-us-east-1/stalks/eb_docker_ecs_4.2.1.201857.0_1596621143/lib/basehooks.tar.gz.
[2020-08-16T10:05:07.002Z] Command Returned: 

2020-08-16 10:05:06 URL:https://s3.dualstack.us-east-1.amazonaws.com/elasticbeanstalk-env-resources-us-east-1/stalks/eb_docker_ecs_4.2.1.201857.0_1596621143/lib/basehooks.tar.gz [5777/5777] -> "/tmp/basehooks.tar.gz" [1]
[2020-08-16T10:05:07.023Z] Completed executing install_tarballs.
[2020-08-16T10:05:07.025Z] Started executing install_eb_gems https://s3.dualstack.us-east-1.amazonaws.com/elasticbeanstalk-env-resources-us-east-1/stalks/eb_docker_ecs_4.2.1.201857.0_1596621143/lib/beanstalk-core-2.12.gem https://s3.dualstack.us-east-1.amazonaws.com/elasticbeanstalk-env-resources-us-east-1/stalks/eb_docker_ecs_4.2.1.201857.0_1596621143/lib/beanstalk-core-healthd-1.1.gem https://s3.dualstack.us-east-1.amazonaws.com/elasticbeanstalk-env-resources-us-east-1/stalks/eb_docker_ecs_4.2.1.201857.0_1596621143/lib/executor-1.2.gem.
[2020-08-16T10:05:07.072Z] Installing EB Gem: https://s3.dualstack.us-east-1.amazonaws.com/elasticbeanstalk-env-resources-us-east-1/stalks/eb_docker_ecs_4.2.1.201857.0_1596621143/lib/beanstalk-core-2.12.gem.
[2020-08-16T10:05:07.400Z] beanstalk-core-2.12 has already been installed. Skip installing.
[2020-08-16T10:05:07.411Z] Installing EB Gem: https://s3.dualstack.us-east-1.amazonaws.com/elasticbeanstalk-env-resources-us-east-1/stalks/eb_docker_ecs_4.2.1.201857.0_1596621143/lib/beanstalk-core-healthd-1.1.gem.
[2020-08-16T10:05:07.607Z] beanstalk-core-healthd-1.1 has already been installed. Skip installing.
[2020-08-16T10:05:07.616Z] Installing EB Gem: https://s3.dualstack.us-east-1.amazonaws.com/elasticbeanstalk-env-resources-us-east-1/stalks/eb_docker_ecs_4.2.1.201857.0_1596621143/lib/executor-1.2.gem.
[2020-08-16T10:05:07.797Z] executor-1.2 has already been installed. Skip installing.
[2020-08-16T10:05:07.807Z] Command Returned: 
[2020-08-16T10:05:07.813Z] Completed executing install_eb_gems.
[2020-08-16T10:05:07.826Z] Starting healthd
initctl: Unknown instance: 
healthd start/running, process 2980
[2020-08-16T10:05:08.043Z] First init of instance.
[2020-08-16T10:05:08.055Z] Started executing cfn_init _OnInstanceBoot first_init.
[2020-08-16T10:05:08.066Z] Running cfn-init ConfigSet: _OnInstanceBoot.
[2020-08-16T10:05:09.095Z] Command Returned: 
[2020-08-16T10:05:09.105Z] Completed executing cfn_init.
[2020-08-16T10:05:09.192Z] Check whether controlled by launch workflow...
[2020-08-16T10:05:09.811Z] Worflow running.
[2020-08-16T10:05:09.819Z] Workflow controlled instance. Running container provisioning...
[2020-08-16T10:05:09.827Z] Started executing start_cfn_hup.
[2020-08-16T10:05:09.833Z] Starting cfn-hup.
[2020-08-16T10:05:09.846Z] Command Returned: cfn-hup start/running, process 3059
[2020-08-16T10:05:09.856Z] Completed executing start_cfn_hup.
[2020-08-16T10:05:09.867Z] Started executing run_eb_command { "api_version" : "1.0", "request_id": "0", "command_name": "CMD-PreInit" } .
[2020-08-16T10:05:09.885Z] Running EB Command: { "api_version" : "1.0", "request_id": "0", "command_name": "CMD-PreInit" } .
16 Aug 10:05:17 ntpdate[2850]: adjust time server 34.194.39.113 offset 0.477631 sec
Starting ntpd: [  OK  ]
[2020-08-16T10:05:55.836Z] Command Returned: {"status":"SUCCESS","api_version":"1.0","results":[{"status":"SUCCESS","msg":"","returncode":0,"events":[]}]}
[2020-08-16T10:05:55.853Z] Completed executing run_eb_command.
[2020-08-16T10:05:55.862Z] Successfully bootstrapped instance.
[2020-08-16T10:05:56.099Z] Sending signal 0 to CFN wait condition https://cloudformation-waitcondition-us-east-1.s3.amazonaws.com/arn%3Aaws%3Acloudformation%3Aus-east-1%3A557533364516%3Astack/awseb-e-qwema2dzau-stack/cb46aac0-dfa7-11ea-8e8d-0eb23bbe71c5/AWSEBInstanceLaunchWaitHandle?X-Amz-Algorithm=AWS4-HMAC-SHA256&X-Amz-Date=20200816T100400Z&X-Amz-SignedHeaders=host&X-Amz-Expires=86399&X-Amz-Credential=AKIAIIT3CWAIMJYUTISA%2F20200816%2Fus-east-1%2Fs3%2Faws4_request&X-Amz-Signature=b63cd609701c32cea053d727df5bede65a7c150c12e79362d539a40390957746
CloudFormation signaled successfully with SUCCESS.
[2020-08-16T10:05:56.733Z] Tailing /var/log/eb-commandprocessor.log

******************* eb-commandprocessor taillog *******************
[2020-08-16T10:05:10.199Z] DEBUG [3069]  : Reading config file: /etc/elasticbeanstalk/.aws-eb-stack.properties
[2020-08-16T10:05:10.200Z] DEBUG [3069]  : Checking if the command processor should execute...
[2020-08-16T10:05:10.215Z] DEBUG [3069]  : Checking whether the command is applicable to instance (i-0cbeb4542379eddc1)..
[2020-08-16T10:05:10.215Z] INFO  [3069]  : Command is applicable to this instance (i-0cbeb4542379eddc1)..
[2020-08-16T10:05:10.215Z] DEBUG [3069]  : Checking if the received command stage is valid..
[2020-08-16T10:05:10.215Z] INFO  [3069]  : No stage_num in command. Valid stage..
[2020-08-16T10:05:10.215Z] INFO  [3069]  : Received command CMD-PreInit: {"api_version"=>"1.0", "request_id"=>"0", "command_name"=>"CMD-PreInit"}
[2020-08-16T10:05:10.215Z] INFO  [3069]  : Command processor should execute command.
[2020-08-16T10:05:10.215Z] DEBUG [3069]  : Storing current stage..
[2020-08-16T10:05:10.215Z] DEBUG [3069]  : Stage_num does not exist. Not saving null stage. Returning..
[2020-08-16T10:05:10.215Z] DEBUG [3069]  : Reading config file: /etc/elasticbeanstalk/.aws-eb-stack.properties
[2020-08-16T10:05:10.215Z] DEBUG [3069]  : Retrieving metadata for key: AWS::ElasticBeanstalk::Ext||_ContainerConfigFileContent||commands..
[2020-08-16T10:05:10.217Z] DEBUG [3069]  : Retrieving metadata for key: AWS::ElasticBeanstalk::Ext||_API||_Commands..
[2020-08-16T10:05:10.218Z] INFO  [3069]  : Found enabled addons: ["logstreaming", "logpublish"].
[2020-08-16T10:05:10.219Z] INFO  [3069]  : Updating Command definition of addon logstreaming.
[2020-08-16T10:05:10.219Z] INFO  [3069]  : Updating Command definition of addon logpublish.
[2020-08-16T10:05:10.219Z] DEBUG [3069]  : Refreshing metadata...
[2020-08-16T10:05:10.219Z] DEBUG [3069]  : Using cached environment metadata.
[2020-08-16T10:05:10.219Z] INFO  [3069]  : Recreated directory /opt/elasticbeanstalk/deploy/configuration/.
[2020-08-16T10:05:10.219Z] DEBUG [3069]  : Retrieving metadata for key: AWS::ElasticBeanstalk::Ext||_AppSourceUrlFileContent||url..
[2020-08-16T10:05:10.220Z] INFO  [3069]  : Created appsource url file at /opt/elasticbeanstalk/deploy/configuration/appsourceurl.
[2020-08-16T10:05:10.220Z] DEBUG [3069]  : Retrieving metadata for key: AWS::ElasticBeanstalk::Ext||_ContainerConfigFileContent..
[2020-08-16T10:05:10.221Z] INFO  [3069]  : Created container config file at /opt/elasticbeanstalk/deploy/configuration/containerconfiguration.
[2020-08-16T10:05:10.221Z] DEBUG [3069]  : Retrieving metadata for key: AWS::ElasticBeanstalk::Ext||_ContainerConfigFileContent||commands..
[2020-08-16T10:05:10.226Z] DEBUG [3069]  : Retrieving metadata for key: AWS::ElasticBeanstalk::Ext||_API||_Commands..
[2020-08-16T10:05:10.226Z] INFO  [3069]  : Found enabled addons: ["logstreaming", "logpublish"].
[2020-08-16T10:05:10.227Z] INFO  [3069]  : Updating Command definition of addon logstreaming.
[2020-08-16T10:05:10.227Z] INFO  [3069]  : Updating Command definition of addon logpublish.
[2020-08-16T10:05:10.227Z] DEBUG [3069]  : Retrieving metadata for key: AWS::CloudFormation::Init||Infra-WriteApplication2||files..
[2020-08-16T10:05:10.228Z] DEBUG [3069]  : Retrieving metadata for key: AWS::ElasticBeanstalk::Ext||ManifestFileS3Key..
[2020-08-16T10:05:10.482Z] INFO  [3069]  : Finding latest manifest from bucket 'elasticbeanstalk-us-east-1-557533364516' with prefix 'resources/environments/e-qwema2dzau/_runtime/versions/manifest_'.
[2020-08-16T10:05:10.596Z] INFO  [3069]  : Found manifest with key 'resources/environments/e-qwema2dzau/_runtime/versions/manifest_1597572234517'.
[2020-08-16T10:05:10.611Z] INFO  [3069]  : Updated manifest cache: deployment ID 1 and serial 1.
[2020-08-16T10:05:10.611Z] DEBUG [3069]  : Loaded definition of Command CMD-PreInit.
[2020-08-16T10:05:10.611Z] INFO  [3069]  : Executing Initialization
[2020-08-16T10:05:10.611Z] INFO  [3069]  : Executing command: CMD-PreInit...
[2020-08-16T10:05:10.611Z] INFO  [3069]  : Executing command CMD-PreInit activities...
[2020-08-16T10:05:10.611Z] DEBUG [3069]  : Setting environment variables..
[2020-08-16T10:05:10.612Z] INFO  [3069]  : Running AddonsBefore for command CMD-PreInit...
[2020-08-16T10:05:12.970Z] DEBUG [3069]  : Running stages of Command CMD-PreInit from stage 0 to stage 0...
[2020-08-16T10:05:12.970Z] INFO  [3069]  : Running stage 0 of command CMD-PreInit...
[2020-08-16T10:05:12.970Z] DEBUG [3069]  : Loaded 2 actions for stage 0.
[2020-08-16T10:05:12.970Z] INFO  [3069]  : Running 1 of 2 actions: DownloadSourceBundle...
[2020-08-16T10:05:13.330Z] INFO  [3069]  : Running 2 of 2 actions: PreInitHook...
[2020-08-16T10:05:55.809Z] INFO  [3069]  : Running AddonsAfter for command CMD-PreInit...
[2020-08-16T10:05:55.810Z] INFO  [3069]  : Command CMD-PreInit succeeded!
[2020-08-16T10:05:55.810Z] INFO  [3069]  : Command processor returning results: 
{"status":"SUCCESS","api_version":"1.0","results":[{"status":"SUCCESS","msg":"","returncode":0,"events":[]}]}
******************* End of taillog *******************


[2020-08-16T10:05:56.755Z] Tailing /var/log/eb-activity.log

******************* eb-activity taillog *******************
  ++ jq -r .ContainerInstanceArn
  ++ curl http://localhost:51678/v1/metadata
    % Total    % Received % Xferd  Average Speed   Time    Time     Time  Current
                                   Dload  Upload   Total   Spent    Left  Speed
    0     0    0     0    0     0      0      0 --:--:-- --:--:-- --:--:--     0curl: (7) Failed to connect to localhost port 51678: Connection refused
  + INSTANCE_ARN=
  + '[' -n '' ']'
  + sleep 1
  + TIMEOUT=119
  + '[' 119 -le 0 ']'
  ++ jq -r .ContainerInstanceArn
  ++ curl http://localhost:51678/v1/metadata
    % Total    % Received % Xferd  Average Speed   Time    Time     Time  Current
                                   Dload  Upload   Total   Spent    Left  Speed
    0     0    0     0    0     0      0      0 --:--:-- --:--:-- --:--:--     0curl: (7) Failed to connect to localhost port 51678: Connection refused
  + INSTANCE_ARN=
  + '[' -n '' ']'
  + sleep 1
  + TIMEOUT=118
  + '[' 118 -le 0 ']'
  ++ jq -r .ContainerInstanceArn
  ++ curl http://localhost:51678/v1/metadata
    % Total    % Received % Xferd  Average Speed   Time    Time     Time  Current
                                   Dload  Upload   Total   Spent    Left  Speed
    0     0    0     0    0     0      0      0 --:--:-- --:--:-- --:--:--     0curl: (7) Failed to connect to localhost port 51678: Connection refused
  + INSTANCE_ARN=
  + '[' -n '' ']'
  + sleep 1
  + TIMEOUT=117
  + '[' 117 -le 0 ']'
  ++ jq -r .ContainerInstanceArn
  ++ curl http://localhost:51678/v1/metadata
    % Total    % Received % Xferd  Average Speed   Time    Time     Time  Current
                                   Dload  Upload   Total   Spent    Left  Speed
    0     0    0     0    0     0      0      0 --:--:-- --:--:-- --:--:--     0100   218  100   218    0     0  54500      0 --:--:-- --:--:-- --:--:-- 54500
  + INSTANCE_ARN=arn:aws:ecs:us-east-1:557533364516:container-instance/4a151d22-2930-40bc-8016-ec66140f5148
  + '[' -n arn:aws:ecs:us-east-1:557533364516:container-instance/4a151d22-2930-40bc-8016-ec66140f5148 ']'
  + '[' arn:aws:ecs:us-east-1:557533364516:container-instance/4a151d22-2930-40bc-8016-ec66140f5148 '!=' null ']'
  + cp /opt/elasticbeanstalk/containerfiles/support/init/eb-ecs.conf /etc/init/
  + cp /opt/elasticbeanstalk/containerfiles/support/init/eb-docker-events.conf /etc/init/
  + grep -q running
  + initctl start eb-docker-events
[2020-08-16T10:05:55.809Z] INFO  [3069]  - [Initialization/PreInitStage0/PreInitHook] : Completed activity. Result:
  Successfully execute hooks in directory /opt/elasticbeanstalk/hooks/preinit.
[2020-08-16T10:05:55.809Z] INFO  [3069]  - [Initialization/PreInitStage0] : Completed activity. Result:
  Initialization - Command CMD-PreInit stage 0 completed
[2020-08-16T10:05:55.810Z] INFO  [3069]  - [Initialization/AddonsAfter] : Starting activity...
[2020-08-16T10:05:55.810Z] INFO  [3069]  - [Initialization/AddonsAfter] : Completed activity.
[2020-08-16T10:05:55.810Z] INFO  [3069]  - [Initialization] : Completed activity. Result:
  Initialization - Command CMD-PreInit succeeded
******************* End of taillog *******************


[2020-08-16T10:05:56.764Z] Tailing /var/log/eb-tools.log

******************* eb-tools taillog *******************
***eb-tools is not available yet.***
******************* End of taillog *******************


[2020-08-16T10:05:56.774Z] Tailing /var/log/eb-version-deployment.log

******************* eb-version-deployment taillog *******************
***eb-version-deployment is not available yet.***
******************* End of taillog *******************


[2020-08-16T10:05:56.775Z] Tailing /var/log/cfn-init.log

******************* cfn-init taillog *******************
2020-08-16 10:05:08,831 [INFO] -----------------------Starting build-----------------------
2020-08-16 10:05:08,838 [INFO] Running configSets: _OnInstanceBoot
2020-08-16 10:05:08,841 [INFO] Running configSet _OnInstanceBoot
2020-08-16 10:05:08,845 [INFO] Running config AWSEBBaseConfig
2020-08-16 10:05:08,851 [INFO] Command clearbackupfiles succeeded
2020-08-16 10:05:08,857 [INFO] Running config AWSEBMessageOfTheDay
2020-08-16 10:05:08,862 [INFO] Command 01clearoriginal succeeded
2020-08-16 10:05:08,866 [INFO] Command 02createbanner succeeded
2020-08-16 10:05:08,877 [INFO] Command 03updatebanner succeeded
2020-08-16 10:05:08,885 [INFO] Running config AWSEBULimitConfig
2020-08-16 10:05:08,889 [INFO] Command 00removebackup succeeded
2020-08-16 10:05:08,895 [INFO] Running config AWSEBCfnHupEndpointOverride
2020-08-16 10:05:08,899 [INFO] Command clearbackupfiles succeeded
2020-08-16 10:05:08,904 [INFO] Running config Infra-InstallContainerHooksPkg
2020-08-16 10:05:08,908 [INFO] Command 00mkdir succeeded
2020-08-16 10:05:09,037 [INFO] Command 01download_container_hooks succeeded
2020-08-16 10:05:09,043 [INFO] Command 02install_container_hooks succeeded
2020-08-16 10:05:09,046 [INFO] Command 03cleanup succeeded
2020-08-16 10:05:09,052 [INFO] Running config Infra-WriteLeaderTestScript
2020-08-16 10:05:09,057 [INFO] Running config Infra-WriteTailLogsConf
2020-08-16 10:05:09,062 [INFO] Running config Infra-WriteSystemTailLogsConf
2020-08-16 10:05:09,067 [INFO] Running config Infra-WriteBundleLogsConf
2020-08-16 10:05:09,072 [INFO] Running config Infra-WritePublishLogsConf
2020-08-16 10:05:09,076 [INFO] Running config Infra-WritePublishLogsCron
2020-08-16 10:05:09,078 [INFO] ConfigSets completed
2020-08-16 10:05:09,078 [INFO] -----------------------Build complete-----------------------
******************* End of taillog *******************


[2020-08-16T10:05:56.797Z] Tailing /var/log/cfn-hup.log

******************* cfn-hup taillog *******************
2020-08-16 10:05:10,409 [DEBUG] CloudFormation client initialized with endpoint https://cloudformation.us-east-1.amazonaws.com
2020-08-16 10:05:10,410 [DEBUG] SQS client initialized with endpoint https://sqs.us-east-1.amazonaws.com
2020-08-16 10:05:10,410 [DEBUG] CloudFormation client initialized with endpoint https://cloudformation.us-east-1.amazonaws.com
2020-08-16 10:05:10,410 [DEBUG] Enabled single threading mode.
2020-08-16 10:05:10,410 [DEBUG] Creating /var/lib/cfn-hup/data
2020-08-16 10:05:10,418 [INFO] No umask value specified in config file. Using the default one: 022
2020-08-16 10:05:10,440 [DEBUG] Registering listener i-0cbeb4542379eddc1 for stack arn:aws:cloudformation:us-east-1:557533364516:stack/awseb-e-qwema2dzau-stack/cb46aac0-dfa7-11ea-8e8d-0eb23bbe71c5
2020-08-16 10:05:10,858 [INFO] Refreshing listener credentials
2020-08-16 10:05:10,859 [DEBUG] Get listener credentials for listener i-0cbeb4542379eddc1 in stack arn:aws:cloudformation:us-east-1:557533364516:stack/awseb-e-qwema2dzau-stack/cb46aac0-dfa7-11ea-8e8d-0eb23bbe71c5
2020-08-16 10:05:10,975 [INFO] Scheduling next credential refresh in 7200 seconds
2020-08-16 10:05:10,976 [DEBUG] Receiving messages for queue https://sqs.us-east-1.amazonaws.com/668920780829/c677a6d798e3c614d722ffa7d8cc45b693e4d393f36bfe3f2e36c9c44cae3277
2020-08-16 10:05:34,500 [ERROR] Timeout
Traceback (most recent call last):
  File "/usr/lib/python2.7/dist-packages/cfnbootstrap/util.py", line 162, in _retry
    return f(*args, **kwargs)
  File "/usr/lib/python2.7/dist-packages/cfnbootstrap/util.py", line 234, in _timeout
    raise exc[0]
ReadTimeout: HTTPSConnectionPool(host='sqs.us-east-1.amazonaws.com', port=443): Read timed out. (read timeout=23)
2020-08-16 10:05:34,503 [DEBUG] Sleeping for 0.428854 seconds before retrying
2020-08-16 10:05:34,933 [DEBUG] Receiving messages for queue https://sqs.us-east-1.amazonaws.com/668920780829/c677a6d798e3c614d722ffa7d8cc45b693e4d393f36bfe3f2e36c9c44cae3277
2020-08-16 10:05:54,978 [DEBUG] Receiving messages for queue https://sqs.us-east-1.amazonaws.com/668920780829/c677a6d798e3c614d722ffa7d8cc45b693e4d393f36bfe3f2e36c9c44cae3277
******************* End of taillog *******************


[2020-08-16T10:05:56.809Z] Completed EB Bootstrapping Script.
+ exit 0
